Pulling latest
Already up-to-date.
Loading Modules

The following have been reloaded with a version change:
  1) compiler/GCCcore/9.3.0 => compiler/GCCcore/8.3.0
  2) lib/zlib/1.2.11-GCCcore-9.3.0 => lib/zlib/1.2.11-GCCcore-8.3.0
  3) tools/binutils/2.34-GCCcore-9.3.0 => tools/binutils/2.32-GCCcore-8.3.0

PCI device 00000000:1A:00.0 must be reset with GPU 0 (00000000:1C:00.0).
PCI device 00000000:1E:00.0 must be reset with GPU 0 (00000000:1C:00.0).
PCI device 00000000:1A:00.0 must be reset with GPU 1 (00000000:1D:00.0).
PCI device 00000000:1E:00.0 must be reset with GPU 1 (00000000:1D:00.0).
One or more incomplete sets of NVLink GPUs were specified.
GPU Reset couldn't run because the specified GPUs could not be validated for NVLink reset.
Setting up venv
/users/ap1751/scratch/neural_network_art_transfer
upgarding pip
Installing requiremnts
2020-12-03 19:08:24.926900: I tensorflow/stream_executor/platform/default/dso_loader.cc:48] Successfully opened dynamic library libcudart.so.10.1
2020-12-03 19:08:27.057630: I tensorflow/stream_executor/platform/default/dso_loader.cc:48] Successfully opened dynamic library libcuda.so.1
2020-12-03 19:08:27.149987: I tensorflow/core/common_runtime/gpu/gpu_device.cc:1716] Found device 0 with properties: 
pciBusID: 0000:1c:00.0 name: Tesla V100-SXM2-32GB computeCapability: 7.0
coreClock: 1.53GHz coreCount: 80 deviceMemorySize: 31.72GiB deviceMemoryBandwidth: 836.37GiB/s
2020-12-03 19:08:27.151462: I tensorflow/core/common_runtime/gpu/gpu_device.cc:1716] Found device 1 with properties: 
pciBusID: 0000:1d:00.0 name: Tesla V100-SXM2-32GB computeCapability: 7.0
coreClock: 1.53GHz coreCount: 80 deviceMemorySize: 31.72GiB deviceMemoryBandwidth: 836.37GiB/s
2020-12-03 19:08:27.151506: I tensorflow/stream_executor/platform/default/dso_loader.cc:48] Successfully opened dynamic library libcudart.so.10.1
2020-12-03 19:08:27.154251: I tensorflow/stream_executor/platform/default/dso_loader.cc:48] Successfully opened dynamic library libcublas.so.10
2020-12-03 19:08:27.156498: I tensorflow/stream_executor/platform/default/dso_loader.cc:48] Successfully opened dynamic library libcufft.so.10
2020-12-03 19:08:27.157084: I tensorflow/stream_executor/platform/default/dso_loader.cc:48] Successfully opened dynamic library libcurand.so.10
2020-12-03 19:08:27.159374: I tensorflow/stream_executor/platform/default/dso_loader.cc:48] Successfully opened dynamic library libcusolver.so.10
2020-12-03 19:08:27.160675: I tensorflow/stream_executor/platform/default/dso_loader.cc:48] Successfully opened dynamic library libcusparse.so.10
2020-12-03 19:08:27.164973: I tensorflow/stream_executor/platform/default/dso_loader.cc:48] Successfully opened dynamic library libcudnn.so.7
2020-12-03 19:08:27.170594: I tensorflow/core/common_runtime/gpu/gpu_device.cc:1858] Adding visible gpu devices: 0, 1
2020-12-03 19:08:27.171326: I tensorflow/core/platform/cpu_feature_guard.cc:142] This TensorFlow binary is optimized with oneAPI Deep Neural Network Library (oneDNN)to use the following CPU instructions in performance-critical operations:  AVX2 AVX512F FMA
To enable them in other operations, rebuild TensorFlow with the appropriate compiler flags.
2020-12-03 19:08:27.179059: I tensorflow/core/platform/profile_utils/cpu_utils.cc:104] CPU Frequency: 2000000000 Hz
2020-12-03 19:08:27.179168: I tensorflow/compiler/xla/service/service.cc:168] XLA service 0x5b9e0b0 initialized for platform Host (this does not guarantee that XLA will be used). Devices:
2020-12-03 19:08:27.179186: I tensorflow/compiler/xla/service/service.cc:176]   StreamExecutor device (0): Host, Default Version
2020-12-03 19:08:27.437630: I tensorflow/compiler/xla/service/service.cc:168] XLA service 0x5c17370 initialized for platform CUDA (this does not guarantee that XLA will be used). Devices:
2020-12-03 19:08:27.439589: I tensorflow/compiler/xla/service/service.cc:176]   StreamExecutor device (0): Tesla V100-SXM2-32GB, Compute Capability 7.0
2020-12-03 19:08:27.439608: I tensorflow/compiler/xla/service/service.cc:176]   StreamExecutor device (1): Tesla V100-SXM2-32GB, Compute Capability 7.0
2020-12-03 19:08:27.441234: I tensorflow/core/common_runtime/gpu/gpu_device.cc:1716] Found device 0 with properties: 
pciBusID: 0000:1c:00.0 name: Tesla V100-SXM2-32GB computeCapability: 7.0
coreClock: 1.53GHz coreCount: 80 deviceMemorySize: 31.72GiB deviceMemoryBandwidth: 836.37GiB/s
2020-12-03 19:08:27.442627: I tensorflow/core/common_runtime/gpu/gpu_device.cc:1716] Found device 1 with properties: 
pciBusID: 0000:1d:00.0 name: Tesla V100-SXM2-32GB computeCapability: 7.0
coreClock: 1.53GHz coreCount: 80 deviceMemorySize: 31.72GiB deviceMemoryBandwidth: 836.37GiB/s
2020-12-03 19:08:27.442665: I tensorflow/stream_executor/platform/default/dso_loader.cc:48] Successfully opened dynamic library libcudart.so.10.1
2020-12-03 19:08:27.442689: I tensorflow/stream_executor/platform/default/dso_loader.cc:48] Successfully opened dynamic library libcublas.so.10
2020-12-03 19:08:27.442703: I tensorflow/stream_executor/platform/default/dso_loader.cc:48] Successfully opened dynamic library libcufft.so.10
2020-12-03 19:08:27.442716: I tensorflow/stream_executor/platform/default/dso_loader.cc:48] Successfully opened dynamic library libcurand.so.10
2020-12-03 19:08:27.442729: I tensorflow/stream_executor/platform/default/dso_loader.cc:48] Successfully opened dynamic library libcusolver.so.10
2020-12-03 19:08:27.442741: I tensorflow/stream_executor/platform/default/dso_loader.cc:48] Successfully opened dynamic library libcusparse.so.10
2020-12-03 19:08:27.442754: I tensorflow/stream_executor/platform/default/dso_loader.cc:48] Successfully opened dynamic library libcudnn.so.7
2020-12-03 19:08:27.448061: I tensorflow/core/common_runtime/gpu/gpu_device.cc:1858] Adding visible gpu devices: 0, 1
2020-12-03 19:08:27.448104: I tensorflow/stream_executor/platform/default/dso_loader.cc:48] Successfully opened dynamic library libcudart.so.10.1
2020-12-03 19:08:28.817030: I tensorflow/core/common_runtime/gpu/gpu_device.cc:1257] Device interconnect StreamExecutor with strength 1 edge matrix:
2020-12-03 19:08:28.845108: I tensorflow/core/common_runtime/gpu/gpu_device.cc:1263]      0 1 
2020-12-03 19:08:28.845138: I tensorflow/core/common_runtime/gpu/gpu_device.cc:1276] 0:   N Y 
2020-12-03 19:08:28.845161: I tensorflow/core/common_runtime/gpu/gpu_device.cc:1276] 1:   Y N 
2020-12-03 19:08:28.850984: I tensorflow/core/common_runtime/gpu/gpu_device.cc:1402] Created TensorFlow device (/job:localhost/replica:0/task:0/device:GPU:0 with 30098 MB memory) -> physical GPU (device: 0, name: Tesla V100-SXM2-32GB, pci bus id: 0000:1c:00.0, compute capability: 7.0)
2020-12-03 19:08:28.853359: I tensorflow/core/common_runtime/gpu/gpu_device.cc:1402] Created TensorFlow device (/job:localhost/replica:0/task:0/device:GPU:1 with 30098 MB memory) -> physical GPU (device: 1, name: Tesla V100-SXM2-32GB, pci bus id: 0000:1d:00.0, compute capability: 7.0)
2020-12-03 19:08:29.404064: I tensorflow/stream_executor/platform/default/dso_loader.cc:48] Successfully opened dynamic library libcublas.so.10
2020-12-03 19:08:30.197848: I tensorflow/stream_executor/platform/default/dso_loader.cc:48] Successfully opened dynamic library libcudnn.so.7
