Pulling latest
Already up-to-date.
Loading Modules

The following have been reloaded with a version change:
  1) compiler/GCCcore/9.3.0 => compiler/GCCcore/8.3.0
  2) lib/zlib/1.2.11-GCCcore-9.3.0 => lib/zlib/1.2.11-GCCcore-8.3.0
  3) tools/binutils/2.34-GCCcore-9.3.0 => tools/binutils/2.32-GCCcore-8.3.0

PCI device 00000000:1A:00.0 must be reset with GPU 0 (00000000:1C:00.0).
PCI device 00000000:1E:00.0 must be reset with GPU 0 (00000000:1C:00.0).
PCI device 00000000:1A:00.0 must be reset with GPU 1 (00000000:1D:00.0).
PCI device 00000000:1E:00.0 must be reset with GPU 1 (00000000:1D:00.0).
One or more incomplete sets of NVLink GPUs were specified.
GPU Reset couldn't run because the specified GPUs could not be validated for NVLink reset.
Found previous generated images deleting
Setting up venv
/users/ap1751/scratch/nn2/neural_network_art_transfer
upgarding pip
Collecting pip
  Using cached https://files.pythonhosted.org/packages/ab/11/2dc62c5263d9eb322f2f028f7b56cd9d096bb8988fcf82d65fa2e4057afe/pip-20.3.1-py2.py3-none-any.whl
Installing collected packages: pip
  Found existing installation: pip 19.2.3
    Uninstalling pip-19.2.3:
      Successfully uninstalled pip-19.2.3
Successfully installed pip-20.3.1
Installing requiremnts
Collecting absl-py==0.11.0
  Using cached absl_py-0.11.0-py3-none-any.whl (127 kB)
Collecting astunparse==1.6.3
  Using cached astunparse-1.6.3-py2.py3-none-any.whl (12 kB)
Collecting backcall==0.2.0
  Using cached backcall-0.2.0-py2.py3-none-any.whl (11 kB)
Collecting cachetools==4.1.1
  Using cached cachetools-4.1.1-py3-none-any.whl (10 kB)
Collecting certifi==2020.11.8
  Using cached certifi-2020.11.8-py2.py3-none-any.whl (155 kB)
Collecting chardet==3.0.4
  Using cached chardet-3.0.4-py2.py3-none-any.whl (133 kB)
Collecting decorator==4.4.2
  Using cached decorator-4.4.2-py2.py3-none-any.whl (9.2 kB)
Collecting gast==0.3.3
  Using cached gast-0.3.3-py2.py3-none-any.whl (9.7 kB)
Collecting google-auth==1.23.0
  Using cached google_auth-1.23.0-py2.py3-none-any.whl (114 kB)
Requirement already satisfied: setuptools>=40.3.0 in ./venv/lib/python3.8/site-packages (from google-auth==1.23.0->-r requirements.txt (line 11)) (41.2.0)
Collecting google-auth-oauthlib==0.4.2
  Using cached google_auth_oauthlib-0.4.2-py2.py3-none-any.whl (18 kB)
Collecting google-pasta==0.2.0
  Using cached google_pasta-0.2.0-py3-none-any.whl (57 kB)
Collecting grpcio==1.33.2
  Using cached grpcio-1.33.2-cp38-cp38-manylinux2014_x86_64.whl (3.8 MB)
Collecting h5py==2.10.0
  Using cached h5py-2.10.0-cp38-cp38-manylinux1_x86_64.whl (2.9 MB)
Collecting idna==2.10
  Using cached idna-2.10-py2.py3-none-any.whl (58 kB)
Collecting ipython==7.19.0
  Using cached ipython-7.19.0-py3-none-any.whl (784 kB)
Requirement already satisfied: setuptools>=40.3.0 in ./venv/lib/python3.8/site-packages (from google-auth==1.23.0->-r requirements.txt (line 11)) (41.2.0)
Collecting ipython-genutils==0.2.0
  Using cached ipython_genutils-0.2.0-py2.py3-none-any.whl (26 kB)
Collecting jedi==0.17.2
  Using cached jedi-0.17.2-py2.py3-none-any.whl (1.4 MB)
Collecting Keras-Preprocessing==1.1.2
  Using cached Keras_Preprocessing-1.1.2-py2.py3-none-any.whl (42 kB)
Collecting Markdown==3.3.3
  Using cached Markdown-3.3.3-py3-none-any.whl (96 kB)
Collecting matplotlib
  Using cached matplotlib-3.3.3-cp38-cp38-manylinux1_x86_64.whl (11.6 MB)
Collecting numpy
  Using cached numpy-1.19.4-cp38-cp38-manylinux2010_x86_64.whl (14.5 MB)
Collecting oauthlib==3.1.0
  Using cached oauthlib-3.1.0-py2.py3-none-any.whl (147 kB)
Collecting opt-einsum==3.3.0
  Using cached opt_einsum-3.3.0-py3-none-any.whl (65 kB)
Collecting pandas==1.1.4
  Using cached pandas-1.1.4-cp38-cp38-manylinux1_x86_64.whl (9.3 MB)
Collecting parso==0.7.1
  Using cached parso-0.7.1-py2.py3-none-any.whl (109 kB)
Collecting pexpect==4.8.0
  Using cached pexpect-4.8.0-py2.py3-none-any.whl (59 kB)
Collecting pickleshare==0.7.5
  Using cached pickleshare-0.7.5-py2.py3-none-any.whl (6.9 kB)
Collecting pillow
  Using cached Pillow-8.0.1-cp38-cp38-manylinux1_x86_64.whl (2.2 MB)
Collecting prompt-toolkit==3.0.8
  Using cached prompt_toolkit-3.0.8-py3-none-any.whl (355 kB)
Collecting protobuf==3.14.0
  Using cached protobuf-3.14.0-cp38-cp38-manylinux1_x86_64.whl (1.0 MB)
Collecting ptyprocess==0.6.0
  Using cached ptyprocess-0.6.0-py2.py3-none-any.whl (39 kB)
Collecting pyasn1==0.4.8
  Using cached pyasn1-0.4.8-py2.py3-none-any.whl (77 kB)
Collecting pyasn1-modules==0.2.8
  Using cached pyasn1_modules-0.2.8-py2.py3-none-any.whl (155 kB)
Collecting Pygments==2.7.2
  Using cached Pygments-2.7.2-py3-none-any.whl (948 kB)
Collecting python-dateutil==2.8.1
  Using cached python_dateutil-2.8.1-py2.py3-none-any.whl (227 kB)
Collecting pytz==2020.4
  Using cached pytz-2020.4-py2.py3-none-any.whl (509 kB)
Collecting requests==2.25.0
  Using cached requests-2.25.0-py2.py3-none-any.whl (61 kB)
Collecting requests-oauthlib==1.3.0
  Using cached requests_oauthlib-1.3.0-py2.py3-none-any.whl (23 kB)
Collecting rsa==4.6
  Using cached rsa-4.6-py3-none-any.whl (47 kB)
Collecting six==1.15.0
  Using cached six-1.15.0-py2.py3-none-any.whl (10 kB)
Collecting tensorboard==2.4.0
  Using cached tensorboard-2.4.0-py3-none-any.whl (10.6 MB)
Requirement already satisfied: setuptools>=40.3.0 in ./venv/lib/python3.8/site-packages (from google-auth==1.23.0->-r requirements.txt (line 11)) (41.2.0)
Collecting tensorboard-plugin-wit==1.7.0
  Using cached tensorboard_plugin_wit-1.7.0-py3-none-any.whl (779 kB)
Collecting tensorflow==2.3.1
  Using cached tensorflow-2.3.1-cp38-cp38-manylinux2010_x86_64.whl (320.5 MB)
Collecting numpy
  Using cached numpy-1.18.5-cp38-cp38-manylinux1_x86_64.whl (20.6 MB)
Collecting tensorflow-estimator==2.3.0
  Using cached tensorflow_estimator-2.3.0-py2.py3-none-any.whl (459 kB)
Collecting termcolor==1.1.0
  Using cached termcolor-1.1.0.tar.gz (3.9 kB)
Collecting traitlets==5.0.5
  Using cached traitlets-5.0.5-py3-none-any.whl (100 kB)
Collecting urllib3==1.26.2
  Using cached urllib3-1.26.2-py2.py3-none-any.whl (136 kB)
Collecting wcwidth==0.2.5
  Using cached wcwidth-0.2.5-py2.py3-none-any.whl (30 kB)
Collecting Werkzeug==1.0.1
  Using cached Werkzeug-1.0.1-py2.py3-none-any.whl (298 kB)
Collecting wrapt==1.12.1
  Using cached wrapt-1.12.1.tar.gz (27 kB)
Collecting cycler>=0.10
  Using cached cycler-0.10.0-py2.py3-none-any.whl (6.5 kB)
Collecting kiwisolver>=1.0.1
  Using cached kiwisolver-1.3.1-cp38-cp38-manylinux1_x86_64.whl (1.2 MB)
Collecting pyparsing!=2.0.4,!=2.1.2,!=2.1.6,>=2.0.3
  Using cached pyparsing-2.4.7-py2.py3-none-any.whl (67 kB)
Collecting wheel<1.0,>=0.23.0
  Using cached wheel-0.36.0-py2.py3-none-any.whl (34 kB)
Using legacy 'setup.py install' for termcolor, since package 'wheel' is not installed.
Using legacy 'setup.py install' for wrapt, since package 'wheel' is not installed.
Installing collected packages: urllib3, pyasn1, idna, chardet, certifi, six, rsa, requests, pyasn1-modules, oauthlib, cachetools, requests-oauthlib, google-auth, wheel, Werkzeug, wcwidth, tensorboard-plugin-wit, ptyprocess, protobuf, parso, numpy, Markdown, ipython-genutils, grpcio, google-auth-oauthlib, absl-py, wrapt, traitlets, termcolor, tensorflow-estimator, tensorboard, pytz, python-dateutil, pyparsing, Pygments, prompt-toolkit, pillow, pickleshare, pexpect, opt-einsum, kiwisolver, Keras-Preprocessing, jedi, h5py, google-pasta, gast, decorator, cycler, backcall, astunparse, tensorflow, pandas, matplotlib, ipython
    Running setup.py install for wrapt: started
    Running setup.py install for wrapt: finished with status 'done'
    Running setup.py install for termcolor: started
    Running setup.py install for termcolor: finished with status 'done'
Successfully installed Keras-Preprocessing-1.1.2 Markdown-3.3.3 Pygments-2.7.2 Werkzeug-1.0.1 absl-py-0.11.0 astunparse-1.6.3 backcall-0.2.0 cachetools-4.1.1 certifi-2020.11.8 chardet-3.0.4 cycler-0.10.0 decorator-4.4.2 gast-0.3.3 google-auth-1.23.0 google-auth-oauthlib-0.4.2 google-pasta-0.2.0 grpcio-1.33.2 h5py-2.10.0 idna-2.10 ipython-7.19.0 ipython-genutils-0.2.0 jedi-0.17.2 kiwisolver-1.3.1 matplotlib-3.3.3 numpy-1.18.5 oauthlib-3.1.0 opt-einsum-3.3.0 pandas-1.1.4 parso-0.7.1 pexpect-4.8.0 pickleshare-0.7.5 pillow-8.0.1 prompt-toolkit-3.0.8 protobuf-3.14.0 ptyprocess-0.6.0 pyasn1-0.4.8 pyasn1-modules-0.2.8 pyparsing-2.4.7 python-dateutil-2.8.1 pytz-2020.4 requests-2.25.0 requests-oauthlib-1.3.0 rsa-4.6 six-1.15.0 tensorboard-2.4.0 tensorboard-plugin-wit-1.7.0 tensorflow-2.3.1 tensorflow-estimator-2.3.0 termcolor-1.1.0 traitlets-5.0.5 urllib3-1.26.2 wcwidth-0.2.5 wheel-0.36.0 wrapt-1.12.1
2020-12-03 20:49:41.639469: I tensorflow/stream_executor/platform/default/dso_loader.cc:48] Successfully opened dynamic library libcudart.so.10.1
2020-12-03 20:49:43.933169: I tensorflow/stream_executor/platform/default/dso_loader.cc:48] Successfully opened dynamic library libcuda.so.1
2020-12-03 20:49:44.024387: I tensorflow/core/common_runtime/gpu/gpu_device.cc:1716] Found device 0 with properties: 
pciBusID: 0000:1c:00.0 name: Tesla V100-SXM2-32GB computeCapability: 7.0
coreClock: 1.53GHz coreCount: 80 deviceMemorySize: 31.72GiB deviceMemoryBandwidth: 836.37GiB/s
2020-12-03 20:49:44.025846: I tensorflow/core/common_runtime/gpu/gpu_device.cc:1716] Found device 1 with properties: 
pciBusID: 0000:1d:00.0 name: Tesla V100-SXM2-32GB computeCapability: 7.0
coreClock: 1.53GHz coreCount: 80 deviceMemorySize: 31.72GiB deviceMemoryBandwidth: 836.37GiB/s
2020-12-03 20:49:44.025885: I tensorflow/stream_executor/platform/default/dso_loader.cc:48] Successfully opened dynamic library libcudart.so.10.1
2020-12-03 20:49:44.028779: I tensorflow/stream_executor/platform/default/dso_loader.cc:48] Successfully opened dynamic library libcublas.so.10
2020-12-03 20:49:44.031371: I tensorflow/stream_executor/platform/default/dso_loader.cc:48] Successfully opened dynamic library libcufft.so.10
2020-12-03 20:49:44.032251: I tensorflow/stream_executor/platform/default/dso_loader.cc:48] Successfully opened dynamic library libcurand.so.10
2020-12-03 20:49:44.034746: I tensorflow/stream_executor/platform/default/dso_loader.cc:48] Successfully opened dynamic library libcusolver.so.10
2020-12-03 20:49:44.036482: I tensorflow/stream_executor/platform/default/dso_loader.cc:48] Successfully opened dynamic library libcusparse.so.10
2020-12-03 20:49:44.041197: I tensorflow/stream_executor/platform/default/dso_loader.cc:48] Successfully opened dynamic library libcudnn.so.7
2020-12-03 20:49:44.046631: I tensorflow/core/common_runtime/gpu/gpu_device.cc:1858] Adding visible gpu devices: 0, 1
2020-12-03 20:49:44.047058: I tensorflow/core/platform/cpu_feature_guard.cc:142] This TensorFlow binary is optimized with oneAPI Deep Neural Network Library (oneDNN)to use the following CPU instructions in performance-critical operations:  AVX2 AVX512F FMA
To enable them in other operations, rebuild TensorFlow with the appropriate compiler flags.
2020-12-03 20:49:44.053440: I tensorflow/core/platform/profile_utils/cpu_utils.cc:104] CPU Frequency: 2000000000 Hz
2020-12-03 20:49:44.053539: I tensorflow/compiler/xla/service/service.cc:168] XLA service 0x45cae80 initialized for platform Host (this does not guarantee that XLA will be used). Devices:
2020-12-03 20:49:44.053557: I tensorflow/compiler/xla/service/service.cc:176]   StreamExecutor device (0): Host, Default Version
2020-12-03 20:49:44.315306: I tensorflow/compiler/xla/service/service.cc:168] XLA service 0x4644120 initialized for platform CUDA (this does not guarantee that XLA will be used). Devices:
2020-12-03 20:49:44.315369: I tensorflow/compiler/xla/service/service.cc:176]   StreamExecutor device (0): Tesla V100-SXM2-32GB, Compute Capability 7.0
2020-12-03 20:49:44.315379: I tensorflow/compiler/xla/service/service.cc:176]   StreamExecutor device (1): Tesla V100-SXM2-32GB, Compute Capability 7.0
2020-12-03 20:49:44.316964: I tensorflow/core/common_runtime/gpu/gpu_device.cc:1716] Found device 0 with properties: 
pciBusID: 0000:1c:00.0 name: Tesla V100-SXM2-32GB computeCapability: 7.0
coreClock: 1.53GHz coreCount: 80 deviceMemorySize: 31.72GiB deviceMemoryBandwidth: 836.37GiB/s
2020-12-03 20:49:44.318330: I tensorflow/core/common_runtime/gpu/gpu_device.cc:1716] Found device 1 with properties: 
pciBusID: 0000:1d:00.0 name: Tesla V100-SXM2-32GB computeCapability: 7.0
coreClock: 1.53GHz coreCount: 80 deviceMemorySize: 31.72GiB deviceMemoryBandwidth: 836.37GiB/s
2020-12-03 20:49:44.318384: I tensorflow/stream_executor/platform/default/dso_loader.cc:48] Successfully opened dynamic library libcudart.so.10.1
2020-12-03 20:49:44.318410: I tensorflow/stream_executor/platform/default/dso_loader.cc:48] Successfully opened dynamic library libcublas.so.10
2020-12-03 20:49:44.318423: I tensorflow/stream_executor/platform/default/dso_loader.cc:48] Successfully opened dynamic library libcufft.so.10
2020-12-03 20:49:44.318436: I tensorflow/stream_executor/platform/default/dso_loader.cc:48] Successfully opened dynamic library libcurand.so.10
2020-12-03 20:49:44.318448: I tensorflow/stream_executor/platform/default/dso_loader.cc:48] Successfully opened dynamic library libcusolver.so.10
2020-12-03 20:49:44.318461: I tensorflow/stream_executor/platform/default/dso_loader.cc:48] Successfully opened dynamic library libcusparse.so.10
2020-12-03 20:49:44.318474: I tensorflow/stream_executor/platform/default/dso_loader.cc:48] Successfully opened dynamic library libcudnn.so.7
2020-12-03 20:49:44.323836: I tensorflow/core/common_runtime/gpu/gpu_device.cc:1858] Adding visible gpu devices: 0, 1
2020-12-03 20:49:44.323880: I tensorflow/stream_executor/platform/default/dso_loader.cc:48] Successfully opened dynamic library libcudart.so.10.1
2020-12-03 20:49:45.663969: I tensorflow/core/common_runtime/gpu/gpu_device.cc:1257] Device interconnect StreamExecutor with strength 1 edge matrix:
2020-12-03 20:49:45.665589: I tensorflow/core/common_runtime/gpu/gpu_device.cc:1263]      0 1 
2020-12-03 20:49:45.665612: I tensorflow/core/common_runtime/gpu/gpu_device.cc:1276] 0:   N Y 
2020-12-03 20:49:45.665621: I tensorflow/core/common_runtime/gpu/gpu_device.cc:1276] 1:   Y N 
2020-12-03 20:49:45.670474: I tensorflow/core/common_runtime/gpu/gpu_device.cc:1402] Created TensorFlow device (/job:localhost/replica:0/task:0/device:GPU:0 with 30098 MB memory) -> physical GPU (device: 0, name: Tesla V100-SXM2-32GB, pci bus id: 0000:1c:00.0, compute capability: 7.0)
2020-12-03 20:49:45.672337: I tensorflow/core/common_runtime/gpu/gpu_device.cc:1402] Created TensorFlow device (/job:localhost/replica:0/task:0/device:GPU:1 with 30098 MB memory) -> physical GPU (device: 1, name: Tesla V100-SXM2-32GB, pci bus id: 0000:1d:00.0, compute capability: 7.0)
2020-12-03 20:49:46.139543: I tensorflow/stream_executor/platform/default/dso_loader.cc:48] Successfully opened dynamic library libcublas.so.10
2020-12-03 20:49:46.995455: I tensorflow/stream_executor/platform/default/dso_loader.cc:48] Successfully opened dynamic library libcudnn.so.7
slurmstepd: error: *** JOB 10877532 ON gpu01 CANCELLED AT 2020-12-03T21:18:32 DUE TO TIME LIMIT ***

============================
 Job utilisation efficiency
============================

Job ID: 10877532
Cluster: viking
User/Group: ap1751/clusterusers
State: TIMEOUT (exit code 0)
Cores: 1
CPU Utilized: 00:17:18
CPU Efficiency: 57.38% of 00:30:09 core-walltime
Job Wall-clock time: 00:30:09
Memory Utilized: 3.82 GB
Memory Efficiency: 95.57% of 4.00 GB
 Requested wall clock time: 00:30:00
    Actual wall clock time: 00:30:09
Wall clock time efficiency: 100.5%
           Job queued time: 00:00:01
